CRITICAL - 2023-11-29 10:38:44 --> Invalid file: "templates/header.php"
in SYSTEMPATH\Exceptions\FrameworkException.php on line 39.
 1 SYSTEMPATH\View\View.php(216): CodeIgniter\Exceptions\FrameworkException::forInvalidFile('templates/header.php')
 2 SYSTEMPATH\Common.php(1190): CodeIgniter\View\View->render('templates/header', [], true)
 3 APPPATH\Controllers\News.php(18): view('templates/header', [...])
 4 SYSTEMPATH\CodeIgniter.php(942): App\Controllers\News->index()
 5 SYSTEMPATH\CodeIgniter.php(502): CodeIgniter\CodeIgniter->runController(Object(App\Controllers\News))
 6 SYSTEMPATH\CodeIgniter.php(361): CodeIgniter\CodeIgniter->handleRequest(null, Object(Config\Cache), false)
 7 FCPATH\index.php(79): CodeIgniter\CodeIgniter->run()
 8 SYSTEMPATH\Commands\Server\rewrite.php(47): require_once('C:\\wamp64\\www\\site\\corectioncci\\framework-4.4.3\\public\\index.php')
CRITICAL - 2023-11-29 11:17:13 --> Call to a member function getTitle() on array
in APPPATH\Views\news\index.php on line 7.
 1 SYSTEMPATH\View\View.php(228): include()
 2 SYSTEMPATH\View\View.php(231): CodeIgniter\View\View->CodeIgniter\View\{closure}()
 3 SYSTEMPATH\Common.php(1190): CodeIgniter\View\View->render('news/index', [], true)
 4 APPPATH\Controllers\News.php(24): view('news/index')
 5 SYSTEMPATH\CodeIgniter.php(942): App\Controllers\News->index()
 6 SYSTEMPATH\CodeIgniter.php(502): CodeIgniter\CodeIgniter->runController(Object(App\Controllers\News))
 7 SYSTEMPATH\CodeIgniter.php(361): CodeIgniter\CodeIgniter->handleRequest(null, Object(Config\Cache), false)
 8 FCPATH\index.php(79): CodeIgniter\CodeIgniter->run()
 9 SYSTEMPATH\Commands\Server\rewrite.php(47): require_once('C:\\wamp64\\www\\site\\corectioncci\\framework-4.4.3\\public\\index.php')
CRITICAL - 2023-11-29 13:10:43 --> Too few arguments to function App\Entities\News::__construct(), 0 passed and exactly 4 expected
in APPPATH\Entities\News.php on line 12.
 1 [internal function]: App\Entities\News->__construct()
 2 SYSTEMPATH\Database\MySQLi\Result.php(154): mysqli_result->fetch_object('App\\Entities\\News')
 3 SYSTEMPATH\Database\BaseResult.php(159): CodeIgniter\Database\MySQLi\Result->fetchObject('App\\Entities\\News')
 4 SYSTEMPATH\Database\BaseResult.php(114): CodeIgniter\Database\BaseResult->getCustomResultObject('App\\Entities\\News')
 5 SYSTEMPATH\Database\BaseResult.php(391): CodeIgniter\Database\BaseResult->getResult('App\\Entities\\News')
 6 SYSTEMPATH\Model.php(264): CodeIgniter\Database\BaseResult->getFirstRow('App\\Entities\\News')
 7 SYSTEMPATH\BaseModel.php(662): CodeIgniter\Model->doFirst()
 8 APPPATH\Models\NewsModel.php(19): CodeIgniter\BaseModel->first()
 9 APPPATH\Controllers\News.php(31): App\Models\NewsModel->getNews('elvis-sighted')
10 SYSTEMPATH\CodeIgniter.php(942): App\Controllers\News->show('elvis-sighted')
11 SYSTEMPATH\CodeIgniter.php(502): CodeIgniter\CodeIgniter->runController(Object(App\Controllers\News))
12 SYSTEMPATH\CodeIgniter.php(361): CodeIgniter\CodeIgniter->handleRequest(null, Object(Config\Cache), false)
13 FCPATH\index.php(79): CodeIgniter\CodeIgniter->run()
14 SYSTEMPATH\Commands\Server\rewrite.php(47): require_once('C:\\wamp64\\www\\site\\corectioncci\\framework-4.4.3\\public\\index.php')
CRITICAL - 2023-11-29 13:11:26 --> Cannot use object of type App\Entities\News as array
in APPPATH\Controllers\News.php on line 36.
 1 SYSTEMPATH\CodeIgniter.php(942): App\Controllers\News->show('elvis-sighted')
 2 SYSTEMPATH\CodeIgniter.php(502): CodeIgniter\CodeIgniter->runController(Object(App\Controllers\News))
 3 SYSTEMPATH\CodeIgniter.php(361): CodeIgniter\CodeIgniter->handleRequest(null, Object(Config\Cache), false)
 4 FCPATH\index.php(79): CodeIgniter\CodeIgniter->run()
 5 SYSTEMPATH\Commands\Server\rewrite.php(47): require_once('C:\\wamp64\\www\\site\\corectioncci\\framework-4.4.3\\public\\index.php')
